<?xml version="1.0" encoding="UTF-8"?>
<!-- Generated by org.testng.reporters.JUnitXMLReporter -->
<testsuite ignored="0" hostname="LAPTOP-P04" failures="0" tests="3" name="Default test" time="0.328" errors="0" timestamp="2026-06-05T15:27:53 IST">
  <testcase classname="test.LoginTest" name="loginTest" time="0.039"/>
  <testcase classname="test.LoginTest" name="loginTest" time="0.027"/>
  <testcase classname="test.LoginTest" name="loginTest" time="0.005"/>
</testsuite> <!-- Default test -->
