<?xml version="1.0" encoding="UTF-8"?>
<!-- Generated by org.testng.reporters.JUnitReportReporter -->
<testsuite hostname="LAPTOP-P04" failures="0" tests="3" name="test.LoginTest" time="0.071" errors="0" timestamp="2026-06-05T15:27:53 IST" skipped="0">
  <testcase classname="test.LoginTest" name="loginTest" time="0.039"/>
  <testcase classname="test.LoginTest" name="loginTest" time="0.005"/>
  <testcase classname="test.LoginTest" name="loginTest" time="0.027"/>
</testsuite> <!-- test.LoginTest -->
