<?xml version="1.0" encoding="UTF-8"?>
<testng-results ignored="0" total="3" passed="3" failed="0" skipped="0">
  <reporter-output>
  </reporter-output>
  <suite started-at="2026-06-05T15:27:52 IST" name="Default suite" finished-at="2026-06-05T15:27:52 IST" duration-ms="328">
    <groups>
    </groups>
    <test started-at="2026-06-05T15:27:52 IST" name="Default test" finished-at="2026-06-05T15:27:52 IST" duration-ms="328">
      <class name="test.LoginTest">
        <test-method signature="loginTest(java.lang.String,java.lang.String)[pri:0, instance:test.LoginTest@2d7275fc]" started-at="2026-06-05T15:27:52 IST" name="loginTest" data-provider="loginData" finished-at="2026-06-05T15:27:52 IST" duration-ms="39" status="PASS">
          <params>
            <param index="0">
              <value>
                <![CDATA[admin]]>
              </value>
            </param>
            <param index="1">
              <value>
                <![CDATA[admin123]]>
              </value>
            </param>
          </params>
          <reporter-output>
          </reporter-output>
        </test-method> <!-- loginTest -->
        <test-method signature="loginTest(java.lang.String,java.lang.String)[pri:0, instance:test.LoginTest@2d7275fc]" started-at="2026-06-05T15:27:52 IST" name="loginTest" data-provider="loginData" finished-at="2026-06-05T15:27:52 IST" duration-ms="27" status="PASS">
          <params>
            <param index="0">
              <value>
                <![CDATA[user1]]>
              </value>
            </param>
            <param index="1">
              <value>
                <![CDATA[pass123]]>
              </value>
            </param>
          </params>
          <reporter-output>
          </reporter-output>
        </test-method> <!-- loginTest -->
        <test-method signature="loginTest(java.lang.String,java.lang.String)[pri:0, instance:test.LoginTest@2d7275fc]" started-at="2026-06-05T15:27:52 IST" name="loginTest" data-provider="loginData" finished-at="2026-06-05T15:27:52 IST" duration-ms="5" status="PASS">
          <params>
            <param index="0">
              <value>
                <![CDATA[user2]]>
              </value>
            </param>
            <param index="1">
              <value>
                <![CDATA[pass456]]>
              </value>
            </param>
          </params>
          <reporter-output>
          </reporter-output>
        </test-method> <!-- loginTest -->
      </class> <!-- test.LoginTest -->
    </test> <!-- Default test -->
  </suite> <!-- Default suite -->
</testng-results>
